[debug] [2024-11-10T12:17:45.041Z] ----------------------------------------------------------------------
[debug] [2024-11-10T12:17:45.043Z] Command:       C:\Program Files\nodejs\node.exe C:\Users\Wilso\AppData\Roaming\npm\node_modules\firebase-tools\lib\bin\firebase.js init
[debug] [2024-11-10T12:17:45.043Z] CLI Version:   13.20.2
[debug] [2024-11-10T12:17:45.043Z] Platform:      win32
[debug] [2024-11-10T12:17:45.043Z] Node Version:  v20.11.1
[debug] [2024-11-10T12:17:45.043Z] Time:          Sun Nov 10 2024 13:17:45 GMT+0100 (Central European Standard Time)
[debug] [2024-11-10T12:17:45.044Z] ----------------------------------------------------------------------
[debug] 
[debug] [2024-11-10T12:17:45.046Z] >>> [apiv2][query] GET https://firebase-public.firebaseio.com/cli.json [none]
[debug] [2024-11-10T12:17:45.074Z] > command requires scopes: ["email","openid","https://www.googleapis.com/auth/cloudplatformprojects.readonly","https://www.googleapis.com/auth/firebase","https://www.googleapis.com/auth/cloud-platform"]
[debug] [2024-11-10T12:17:45.074Z] > authorizing via signed-in user (wilsonknjoroge98@gmail.com)
[info] 
     ######## #### ########  ######## ########     ###     ######  ########
     ##        ##  ##     ## ##       ##     ##  ##   ##  ##       ##
     ######    ##  ########  ######   ########  #########  ######  ######
     ##        ##  ##    ##  ##       ##     ## ##     ##       ## ##
     ##       #### ##     ## ######## ########  ##     ##  ######  ########

You're about to initialize a Firebase project in this directory:

  C:\Users\Wilso\projects\project-arc

[debug] [2024-11-10T12:17:45.640Z] <<< [apiv2][status] GET https://firebase-public.firebaseio.com/cli.json 200
[debug] [2024-11-10T12:17:45.641Z] <<< [apiv2][body] GET https://firebase-public.firebaseio.com/cli.json {"cloudBuildErrorAfter":1594252800000,"cloudBuildWarnAfter":1590019200000,"defaultNode10After":1594252800000,"minVersion":"3.0.5","node8DeploysDisabledAfter":1613390400000,"node8RuntimeDisabledAfter":1615809600000,"node8WarnAfter":1600128000000}
[debug] [2024-11-10T12:18:05.984Z] ----------------------------------------------------------------------
[debug] [2024-11-10T12:18:05.986Z] Command:       C:\Program Files\nodejs\node.exe C:\Users\Wilso\AppData\Roaming\npm\node_modules\firebase-tools\lib\bin\firebase.js init
[debug] [2024-11-10T12:18:05.986Z] CLI Version:   13.20.2
[debug] [2024-11-10T12:18:05.986Z] Platform:      win32
[debug] [2024-11-10T12:18:05.987Z] Node Version:  v20.11.1
[debug] [2024-11-10T12:18:05.987Z] Time:          Sun Nov 10 2024 13:18:05 GMT+0100 (Central European Standard Time)
[debug] [2024-11-10T12:18:05.987Z] ----------------------------------------------------------------------
[debug] 
[debug] [2024-11-10T12:18:05.991Z] > command requires scopes: ["email","openid","https://www.googleapis.com/auth/cloudplatformprojects.readonly","https://www.googleapis.com/auth/firebase","https://www.googleapis.com/auth/cloud-platform"]
[debug] [2024-11-10T12:18:05.991Z] > authorizing via signed-in user (wilsonknjoroge98@gmail.com)
[info] 
     ######## #### ########  ######## ########     ###     ######  ########
     ##        ##  ##     ## ##       ##     ##  ##   ##  ##       ##
     ######    ##  ########  ######   ########  #########  ######  ######
     ##        ##  ##    ##  ##       ##     ## ##     ##       ## ##
     ##       #### ##     ## ######## ########  ##     ##  ######  ########

You're about to initialize a Firebase project in this directory:

  C:\Users\Wilso\projects\project-arc

